<?xml version="1.0" encoding="UTF-8"?>
<!-- Generated by org.testng.reporters.JUnitReportReporter -->
<testsuite hostname="DESKTOP-6TDMLL8" failures="0" tests="1" name="practiceApis.getSinglebook" time="2.719" errors="0" timestamp="2022-05-09T10:22:42 IST" skipped="0">
  <testcase classname="practiceApis.getSinglebook" name="testget" time="2.719"/>
  <system-out/>
</testsuite> <!-- practiceApis.getSinglebook -->
